[GET] https://static.figma.com/fullscreen/4c87901785b51b7542040fca18c9a30fff3bc16e/prototype-lib/compiled_wasm.wasm.br => [200] 
[POST] https://www.figma.com/api/figment-proxy/page => [200] 
[POST] https://www.figma.com/api/figment-proxy/page => [200] 
[POST] https://errors.figma.com/api/sentry/api/56203/envelope/?sentry_key=d1b12a8fbe424e4b956eb33cadd5b30d&sentry_version=7&sentry_client=sentry.javascript.browser%2F8.40.0 => [200] 
[POST] https://www.figma.com/api/figment-proxy/monitor => [200] 
[POST] https://www.figma.com/api/figment-proxy/monitor => [200] 
[POST] https://www.figma.com/api/figment-proxy/monitor => [200] 
[GET] https://static.figma.com/font/index_798305269cb5be7625b77c5a0ed170a8.kiwi.json => [200] 
[POST] https://www.figma.com/api/web_logger/metrics/session_start => [200] 
[GET] https://s3-figma-force-client-reloads-production.figma.com/periodic_refresh.json => [200] 
[GET] https://www.figma.com/api/files/w4SWNBKZc84H07MktT2mtR/realtime_token => [200] 
[GET] https://www.figma.com/api/statsig/v1_ruleset => [401] 
[GET] https://www.figma.com/api/statsig/bootstrap?team_id=1621349188877578615&page_locale=en&release_manifest_git_commit=621f18592ff7dc951c830de7458ae23fcea2d744&release_server_git_commit=404c11733819dfb5f95c6e34e7985b7c7df12a87 => [200] 
[POST] https://www.figma.com/api/figment-proxy/monitor => [200] 
[GET] https://www.figma.com/api/v2/statsig/bootstrap?team_ids=&page_locale=en&release_manifest_git_commit=621f18592ff7dc951c830de7458ae23fcea2d744&release_server_git_commit=404c11733819dfb5f95c6e34e7985b7c7df12a87 => [200] 
[GET] https://www.figma.com/webpack-artifacts/assets/viewer_image_worker-ba9154e4f8c2c1dd.min.js.br => [200] 
[POST] https://www.figma.com/api/web_logger/metrics/page_load => [200] 
[POST] https://www.figma.com/api/figment-proxy/monitor => [200] 
[POST] https://www.figma.com/api/figment-proxy/monitor => [200] 
[GET] https://static.figma.com/font/index_798305269cb5be7625b77c5a0ed170a8.kiwi.json => [200] 
[GET] https://static.figma.com/font/FigmaHand-Regular_2 => [200] 
[GET] https://static.figma.com/font/Inter_1 => [200] 
[GET] https://static.figma.com/font/Inter_1 => [200] 
[GET] https://static.figma.com/font/Merriweather-Regular_3 => [200] 
[GET] https://static.figma.com/font/RobotoMono_wght__1 => [200] 
[GET] https://static.figma.com/font/Inter_1 => [200] 
[POST] https://www.figma.com/api/figment-proxy/monitor => [200] 
[POST] https://www.figma.com/api/web_logger/metrics_batched => [200] 
[POST] https://www.figma.com/api/web_logger/histogram_batched => [200] 
[POST] https://www.figma.com/api/web_logger/metrics_batched => [200] 
[POST] https://www.figma.com/api/web_logger/histogram_batched => [200] 
[POST] https://www.figma.com/api/figment-proxy/monitor => [200] 
[POST] https://www.figma.com/file/w4SWNBKZc84H07MktT2mtR/image/batch => [200] 
[POST] https://www.figma.com/api/figment-proxy/monitor => [200] 
[POST] https://prodregistryv2.org/v1/rgstr?k=client-CIbRGW8h7lTl7wjJTyKWmPVXuJai3B8xe7llhBQmjJX&st=javascript-client&sv=3.24.4&t=1779334976124&sid=79036dfe-7d53-4e05-ae34-d770451cff4d&ec=63&gz=1 => [202] 
[POST] https://www.figma.com/api/files/w4SWNBKZc84H07MktT2mtR/prototype/view => [401] 
[POST] https://www.figma.com/api/figment-proxy/monitor => [200] 
[POST] https://www.figma.com/api/figment-proxy/monitor => [200] 
[POST] https://www.figma.com/api/web_logger/metrics_batched => [200] 
[POST] https://www.figma.com/api/web_logger/histogram_batched => [200] 
[POST] https://www.figma.com/api/figment-proxy/monitor => [200] 
[POST] https://www.figma.com/api/figment-proxy/monitor => [200] 
[POST] https://www.figma.com/api/web_logger/histogram_batched => [200] 
[POST] https://www.figma.com/api/figment-proxy/monitor => [200] 
[POST] https://www.figma.com/api/web_logger/metrics_batched => [200] 
[POST] https://www.figma.com/api/web_logger/histogram_batched => [200] 
[POST] https://www.figma.com/api/web_logger/histogram_batched => [200] 
[POST] https://www.figma.com/api/figment-proxy/monitor => [200] 
[POST] https://www.figma.com/api/web_logger/histogram_batched => [200] 
[POST] https://www.figma.com/api/figment-proxy/monitor => [200] 
[POST] https://www.figma.com/api/figment-proxy/monitor => [200] 
[POST] https://www.figma.com/api/web_logger/histogram_batched => [200] 
[POST] https://www.figma.com/api/figment-proxy/monitor => [200] 